C:\tfs_projects\NewAMPX\AMPX\new\angular-src\dist\out-tsc\e2e\app.po.js
C:\tfs_projects\NewAMPX\AMPX\new\angular-src\dist\out-tsc\e2e\app.po.js.map
C:\tfs_projects\NewAMPX\AMPX\new\angular-src\dist\out-tsc\e2e\app.e2e-spec.js
C:\tfs_projects\NewAMPX\AMPX\new\angular-src\dist\out-tsc\e2e\app.e2e-spec.js.map
C:\tfs_projects\NewAMPX\AMPX\new\angular-src\dist\out-tsc\src\app\app.component.js
C:\tfs_projects\NewAMPX\AMPX\new\angular-src\dist\out-tsc\src\app\app.component.js.map
C:\tfs_projects\NewAMPX\AMPX\new\angular-src\dist\out-tsc\src\app\services\auth.service.js
C:\tfs_projects\NewAMPX\AMPX\new\angular-src\dist\out-tsc\src\app\services\auth.service.js.map
C:\tfs_projects\NewAMPX\AMPX\new\angular-src\dist\out-tsc\src\app\components\navbar\navbar.component.js
C:\tfs_projects\NewAMPX\AMPX\new\angular-src\dist\out-tsc\src\app\components\navbar\navbar.component.js.map
C:\tfs_projects\NewAMPX\AMPX\new\angular-src\dist\out-tsc\src\app\components\home\home.component.js
C:\tfs_projects\NewAMPX\AMPX\new\angular-src\dist\out-tsc\src\app\components\home\home.component.js.map
C:\tfs_projects\NewAMPX\AMPX\new\angular-src\dist\out-tsc\src\app\components\about-us\about-us.component.js
C:\tfs_projects\NewAMPX\AMPX\new\angular-src\dist\out-tsc\src\app\components\about-us\about-us.component.js.map
C:\tfs_projects\NewAMPX\AMPX\new\angular-src\dist\out-tsc\src\app\components\services\services.component.js
C:\tfs_projects\NewAMPX\AMPX\new\angular-src\dist\out-tsc\src\app\components\services\services.component.js.map
C:\tfs_projects\NewAMPX\AMPX\new\angular-src\dist\out-tsc\src\app\components\signin\matchOtherValidator.js
C:\tfs_projects\NewAMPX\AMPX\new\angular-src\dist\out-tsc\src\app\components\signin\matchOtherValidator.js.map
C:\tfs_projects\NewAMPX\AMPX\new\angular-src\dist\out-tsc\src\app\components\signin\customVatidator.js
C:\tfs_projects\NewAMPX\AMPX\new\angular-src\dist\out-tsc\src\app\components\signin\customVatidator.js.map
C:\tfs_projects\NewAMPX\AMPX\new\angular-src\dist\out-tsc\src\app\components\signin\signin.component.js
C:\tfs_projects\NewAMPX\AMPX\new\angular-src\dist\out-tsc\src\app\components\signin\signin.component.js.map
C:\tfs_projects\NewAMPX\AMPX\new\angular-src\dist\out-tsc\src\app\services\contact-us.service.js
C:\tfs_projects\NewAMPX\AMPX\new\angular-src\dist\out-tsc\src\app\services\contact-us.service.js.map
C:\tfs_projects\NewAMPX\AMPX\new\angular-src\dist\out-tsc\src\app\components\contact-us\contact-us.component.js
C:\tfs_projects\NewAMPX\AMPX\new\angular-src\dist\out-tsc\src\app\components\contact-us\contact-us.component.js.map
C:\tfs_projects\NewAMPX\AMPX\new\angular-src\dist\out-tsc\src\app\components\profile\profile.component.js
C:\tfs_projects\NewAMPX\AMPX\new\angular-src\dist\out-tsc\src\app\components\profile\profile.component.js.map
C:\tfs_projects\NewAMPX\AMPX\new\angular-src\dist\out-tsc\src\app\services\validate.service.js
C:\tfs_projects\NewAMPX\AMPX\new\angular-src\dist\out-tsc\src\app\services\validate.service.js.map
C:\tfs_projects\NewAMPX\AMPX\new\angular-src\dist\out-tsc\src\app\guards\auth.guard.js
C:\tfs_projects\NewAMPX\AMPX\new\angular-src\dist\out-tsc\src\app\guards\auth.guard.js.map
C:\tfs_projects\NewAMPX\AMPX\new\angular-src\dist\out-tsc\src\app\components\login\login.component.js
C:\tfs_projects\NewAMPX\AMPX\new\angular-src\dist\out-tsc\src\app\components\login\login.component.js.map
C:\tfs_projects\NewAMPX\AMPX\new\angular-src\dist\out-tsc\src\app\components\register\register.component.js
C:\tfs_projects\NewAMPX\AMPX\new\angular-src\dist\out-tsc\src\app\components\register\register.component.js.map
C:\tfs_projects\NewAMPX\AMPX\new\angular-src\dist\out-tsc\src\app\services\project.service.js
C:\tfs_projects\NewAMPX\AMPX\new\angular-src\dist\out-tsc\src\app\services\project.service.js.map
C:\tfs_projects\NewAMPX\AMPX\new\angular-src\dist\out-tsc\src\app\components\project\project.component.js
C:\tfs_projects\NewAMPX\AMPX\new\angular-src\dist\out-tsc\src\app\components\project\project.component.js.map
C:\tfs_projects\NewAMPX\AMPX\new\angular-src\dist\out-tsc\src\app\components\modals\projects-modal\projects-modal.component.js
C:\tfs_projects\NewAMPX\AMPX\new\angular-src\dist\out-tsc\src\app\components\modals\projects-modal\projects-modal.component.js.map
C:\tfs_projects\NewAMPX\AMPX\new\angular-src\dist\out-tsc\src\app\services\io-assignment.service.js
C:\tfs_projects\NewAMPX\AMPX\new\angular-src\dist\out-tsc\src\app\services\io-assignment.service.js.map
C:\tfs_projects\NewAMPX\AMPX\new\angular-src\dist\out-tsc\src\app\components\project-dashboard\project-dashboard.component.js
C:\tfs_projects\NewAMPX\AMPX\new\angular-src\dist\out-tsc\src\app\components\project-dashboard\project-dashboard.component.js.map
C:\tfs_projects\NewAMPX\AMPX\new\angular-src\dist\out-tsc\src\app\services\electrical.service.js
C:\tfs_projects\NewAMPX\AMPX\new\angular-src\dist\out-tsc\src\app\services\electrical.service.js.map
C:\tfs_projects\NewAMPX\AMPX\new\angular-src\dist\out-tsc\src\app\services\instrumentation.service.js
C:\tfs_projects\NewAMPX\AMPX\new\angular-src\dist\out-tsc\src\app\services\instrumentation.service.js.map
C:\tfs_projects\NewAMPX\AMPX\new\angular-src\dist\out-tsc\src\app\services\controller.service.js
C:\tfs_projects\NewAMPX\AMPX\new\angular-src\dist\out-tsc\src\app\services\controller.service.js.map
C:\tfs_projects\NewAMPX\AMPX\new\angular-src\dist\out-tsc\src\app\services\sldschedule.service.js
C:\tfs_projects\NewAMPX\AMPX\new\angular-src\dist\out-tsc\src\app\services\sldschedule.service.js.map
C:\tfs_projects\NewAMPX\AMPX\new\angular-src\dist\out-tsc\src\app\services\cable.service.js
C:\tfs_projects\NewAMPX\AMPX\new\angular-src\dist\out-tsc\src\app\services\cable.service.js.map
C:\tfs_projects\NewAMPX\AMPX\new\angular-src\dist\out-tsc\src\app\services\excel.service.js
C:\tfs_projects\NewAMPX\AMPX\new\angular-src\dist\out-tsc\src\app\services\excel.service.js.map
C:\tfs_projects\NewAMPX\AMPX\new\angular-src\dist\out-tsc\src\app\components\electrical-list\electrical-list.component.js
C:\tfs_projects\NewAMPX\AMPX\new\angular-src\dist\out-tsc\src\app\components\electrical-list\electrical-list.component.js.map
C:\tfs_projects\NewAMPX\AMPX\new\angular-src\dist\out-tsc\src\app\components\electrical-item\electrical-item.component.js
C:\tfs_projects\NewAMPX\AMPX\new\angular-src\dist\out-tsc\src\app\components\electrical-item\electrical-item.component.js.map
C:\tfs_projects\NewAMPX\AMPX\new\angular-src\dist\out-tsc\src\app\components\modals\electricals-modal\electricals-modal.component.js
C:\tfs_projects\NewAMPX\AMPX\new\angular-src\dist\out-tsc\src\app\components\modals\electricals-modal\electricals-modal.component.js.map
C:\tfs_projects\NewAMPX\AMPX\new\angular-src\dist\out-tsc\src\app\components\cable-list\cable-list.component.js
C:\tfs_projects\NewAMPX\AMPX\new\angular-src\dist\out-tsc\src\app\components\cable-list\cable-list.component.js.map
C:\tfs_projects\NewAMPX\AMPX\new\angular-src\dist\out-tsc\src\app\components\cable-item\cable-item.component.js
C:\tfs_projects\NewAMPX\AMPX\new\angular-src\dist\out-tsc\src\app\components\cable-item\cable-item.component.js.map
C:\tfs_projects\NewAMPX\AMPX\new\angular-src\dist\out-tsc\src\app\components\modals\cabels-modals\cable-distance-modal\cable-distance-modal.component.js
C:\tfs_projects\NewAMPX\AMPX\new\angular-src\dist\out-tsc\src\app\components\modals\cabels-modals\cable-distance-modal\cable-distance-modal.component.js.map
C:\tfs_projects\NewAMPX\AMPX\new\angular-src\dist\out-tsc\src\app\components\sld-schedule-list\sld-schedule.js
C:\tfs_projects\NewAMPX\AMPX\new\angular-src\dist\out-tsc\src\app\components\sld-schedule-list\sld-schedule.js.map
C:\tfs_projects\NewAMPX\AMPX\new\angular-src\dist\out-tsc\src\app\components\sld-schedule-list\sld-schedule-list.component.js
C:\tfs_projects\NewAMPX\AMPX\new\angular-src\dist\out-tsc\src\app\components\sld-schedule-list\sld-schedule-list.component.js.map
C:\tfs_projects\NewAMPX\AMPX\new\angular-src\dist\out-tsc\src\app\components\sld-schedule-item\sld-schedule-item.component.js
C:\tfs_projects\NewAMPX\AMPX\new\angular-src\dist\out-tsc\src\app\components\sld-schedule-item\sld-schedule-item.component.js.map
C:\tfs_projects\NewAMPX\AMPX\new\angular-src\dist\out-tsc\src\app\components\controllers-list\controllers-list.component.js
C:\tfs_projects\NewAMPX\AMPX\new\angular-src\dist\out-tsc\src\app\components\controllers-list\controllers-list.component.js.map
C:\tfs_projects\NewAMPX\AMPX\new\angular-src\dist\out-tsc\src\app\components\controller-item\controller-item.component.js
C:\tfs_projects\NewAMPX\AMPX\new\angular-src\dist\out-tsc\src\app\components\controller-item\controller-item.component.js.map
C:\tfs_projects\NewAMPX\AMPX\new\angular-src\dist\out-tsc\src\app\components\modals\controller-modal\controller-modal.component.js
C:\tfs_projects\NewAMPX\AMPX\new\angular-src\dist\out-tsc\src\app\components\modals\controller-modal\controller-modal.component.js.map
C:\tfs_projects\NewAMPX\AMPX\new\angular-src\dist\out-tsc\src\app\components\instrumentation-list\instrumentation-list.component.js
C:\tfs_projects\NewAMPX\AMPX\new\angular-src\dist\out-tsc\src\app\components\instrumentation-list\instrumentation-list.component.js.map
C:\tfs_projects\NewAMPX\AMPX\new\angular-src\dist\out-tsc\src\app\components\instrumentation-item\instrumentation-item.component.js
C:\tfs_projects\NewAMPX\AMPX\new\angular-src\dist\out-tsc\src\app\components\instrumentation-item\instrumentation-item.component.js.map
C:\tfs_projects\NewAMPX\AMPX\new\angular-src\dist\out-tsc\src\app\components\io-assignment\io-assignment.component.js
C:\tfs_projects\NewAMPX\AMPX\new\angular-src\dist\out-tsc\src\app\components\io-assignment\io-assignment.component.js.map
C:\tfs_projects\NewAMPX\AMPX\new\angular-src\dist\out-tsc\src\app\components\drop-down\drop-down.component.js
C:\tfs_projects\NewAMPX\AMPX\new\angular-src\dist\out-tsc\src\app\components\drop-down\drop-down.component.js.map
C:\tfs_projects\NewAMPX\AMPX\new\angular-src\dist\out-tsc\src\app\components\modals\simple-electrical-modal\simple-electrical-modal.component.js
C:\tfs_projects\NewAMPX\AMPX\new\angular-src\dist\out-tsc\src\app\components\modals\simple-electrical-modal\simple-electrical-modal.component.js.map
C:\tfs_projects\NewAMPX\AMPX\new\angular-src\dist\out-tsc\src\app\components\drop-down-dependent\depended-item.js
C:\tfs_projects\NewAMPX\AMPX\new\angular-src\dist\out-tsc\src\app\components\drop-down-dependent\depended-item.js.map
C:\tfs_projects\NewAMPX\AMPX\new\angular-src\dist\out-tsc\src\app\components\drop-down-dependent\drop-down-dependent.component.js
C:\tfs_projects\NewAMPX\AMPX\new\angular-src\dist\out-tsc\src\app\components\drop-down-dependent\drop-down-dependent.component.js.map
C:\tfs_projects\NewAMPX\AMPX\new\angular-src\dist\out-tsc\src\app\components\modals\multiple-modal\multiple-modal.component.js
C:\tfs_projects\NewAMPX\AMPX\new\angular-src\dist\out-tsc\src\app\components\modals\multiple-modal\multiple-modal.component.js.map
C:\tfs_projects\NewAMPX\AMPX\new\angular-src\dist\out-tsc\src\app\app.module.js
C:\tfs_projects\NewAMPX\AMPX\new\angular-src\dist\out-tsc\src\app\app.module.js.map
C:\tfs_projects\NewAMPX\AMPX\new\angular-src\dist\out-tsc\src\environments\environment.js
C:\tfs_projects\NewAMPX\AMPX\new\angular-src\dist\out-tsc\src\environments\environment.js.map
C:\tfs_projects\NewAMPX\AMPX\new\angular-src\dist\out-tsc\src\main.js
C:\tfs_projects\NewAMPX\AMPX\new\angular-src\dist\out-tsc\src\main.js.map
C:\tfs_projects\NewAMPX\AMPX\new\angular-src\dist\out-tsc\src\polyfills.js
C:\tfs_projects\NewAMPX\AMPX\new\angular-src\dist\out-tsc\src\polyfills.js.map
C:\tfs_projects\NewAMPX\AMPX\new\angular-src\dist\out-tsc\src\test.js
C:\tfs_projects\NewAMPX\AMPX\new\angular-src\dist\out-tsc\src\test.js.map
C:\tfs_projects\NewAMPX\AMPX\new\angular-src\dist\out-tsc\src\app\app.component.spec.js
C:\tfs_projects\NewAMPX\AMPX\new\angular-src\dist\out-tsc\src\app\app.component.spec.js.map
C:\tfs_projects\NewAMPX\AMPX\new\angular-src\dist\out-tsc\src\environments\environment.prod.js
C:\tfs_projects\NewAMPX\AMPX\new\angular-src\dist\out-tsc\src\environments\environment.prod.js.map
C:\tfs_projects\NewAMPX\AMPX\new\angular-src\dist\out-tsc\src\app\services\auth.service.spec.js
C:\tfs_projects\NewAMPX\AMPX\new\angular-src\dist\out-tsc\src\app\services\auth.service.spec.js.map
C:\tfs_projects\NewAMPX\AMPX\new\angular-src\dist\out-tsc\src\app\services\cable.service.spec.js
C:\tfs_projects\NewAMPX\AMPX\new\angular-src\dist\out-tsc\src\app\services\cable.service.spec.js.map
C:\tfs_projects\NewAMPX\AMPX\new\angular-src\dist\out-tsc\src\app\services\contact-us.service.spec.js
C:\tfs_projects\NewAMPX\AMPX\new\angular-src\dist\out-tsc\src\app\services\contact-us.service.spec.js.map
C:\tfs_projects\NewAMPX\AMPX\new\angular-src\dist\out-tsc\src\app\services\controller.service.spec.js
C:\tfs_projects\NewAMPX\AMPX\new\angular-src\dist\out-tsc\src\app\services\controller.service.spec.js.map
C:\tfs_projects\NewAMPX\AMPX\new\angular-src\dist\out-tsc\src\app\services\electrical.service.spec.js
C:\tfs_projects\NewAMPX\AMPX\new\angular-src\dist\out-tsc\src\app\services\electrical.service.spec.js.map
C:\tfs_projects\NewAMPX\AMPX\new\angular-src\dist\out-tsc\src\app\services\excel.service.spec.js
C:\tfs_projects\NewAMPX\AMPX\new\angular-src\dist\out-tsc\src\app\services\excel.service.spec.js.map
C:\tfs_projects\NewAMPX\AMPX\new\angular-src\dist\out-tsc\src\app\services\instrumentation.service.spec.js
C:\tfs_projects\NewAMPX\AMPX\new\angular-src\dist\out-tsc\src\app\services\instrumentation.service.spec.js.map
C:\tfs_projects\NewAMPX\AMPX\new\angular-src\dist\out-tsc\src\app\services\io-assignment.service.spec.js
C:\tfs_projects\NewAMPX\AMPX\new\angular-src\dist\out-tsc\src\app\services\io-assignment.service.spec.js.map
C:\tfs_projects\NewAMPX\AMPX\new\angular-src\dist\out-tsc\src\app\services\project.service.spec.js
C:\tfs_projects\NewAMPX\AMPX\new\angular-src\dist\out-tsc\src\app\services\project.service.spec.js.map
C:\tfs_projects\NewAMPX\AMPX\new\angular-src\dist\out-tsc\src\app\services\sldschedule.service.spec.js
C:\tfs_projects\NewAMPX\AMPX\new\angular-src\dist\out-tsc\src\app\services\sldschedule.service.spec.js.map
C:\tfs_projects\NewAMPX\AMPX\new\angular-src\dist\out-tsc\src\app\services\validate.service.spec.js
C:\tfs_projects\NewAMPX\AMPX\new\angular-src\dist\out-tsc\src\app\services\validate.service.spec.js.map
C:\tfs_projects\NewAMPX\AMPX\new\angular-src\dist\out-tsc\src\app\components\about-us\about-us.component.spec.js
C:\tfs_projects\NewAMPX\AMPX\new\angular-src\dist\out-tsc\src\app\components\about-us\about-us.component.spec.js.map
C:\tfs_projects\NewAMPX\AMPX\new\angular-src\dist\out-tsc\src\app\components\cable-item\cable-item.component.spec.js
C:\tfs_projects\NewAMPX\AMPX\new\angular-src\dist\out-tsc\src\app\components\cable-item\cable-item.component.spec.js.map
C:\tfs_projects\NewAMPX\AMPX\new\angular-src\dist\out-tsc\src\app\components\cable-list\cable-list.component.spec.js
C:\tfs_projects\NewAMPX\AMPX\new\angular-src\dist\out-tsc\src\app\components\cable-list\cable-list.component.spec.js.map
C:\tfs_projects\NewAMPX\AMPX\new\angular-src\dist\out-tsc\src\app\components\contact-us\contact-us.component.spec.js
C:\tfs_projects\NewAMPX\AMPX\new\angular-src\dist\out-tsc\src\app\components\contact-us\contact-us.component.spec.js.map
C:\tfs_projects\NewAMPX\AMPX\new\angular-src\dist\out-tsc\src\app\components\controller-item\controller-item.component.spec.js
C:\tfs_projects\NewAMPX\AMPX\new\angular-src\dist\out-tsc\src\app\components\controller-item\controller-item.component.spec.js.map
C:\tfs_projects\NewAMPX\AMPX\new\angular-src\dist\out-tsc\src\app\components\controllers-list\controllers-list.component.spec.js
C:\tfs_projects\NewAMPX\AMPX\new\angular-src\dist\out-tsc\src\app\components\controllers-list\controllers-list.component.spec.js.map
C:\tfs_projects\NewAMPX\AMPX\new\angular-src\dist\out-tsc\src\app\components\drop-down\drop-down.component.spec.js
C:\tfs_projects\NewAMPX\AMPX\new\angular-src\dist\out-tsc\src\app\components\drop-down\drop-down.component.spec.js.map
C:\tfs_projects\NewAMPX\AMPX\new\angular-src\dist\out-tsc\src\app\components\drop-down-dependent\drop-down-dependent.component.spec.js
C:\tfs_projects\NewAMPX\AMPX\new\angular-src\dist\out-tsc\src\app\components\drop-down-dependent\drop-down-dependent.component.spec.js.map
C:\tfs_projects\NewAMPX\AMPX\new\angular-src\dist\out-tsc\src\app\components\electrical-item\electrical-item.component.spec.js
C:\tfs_projects\NewAMPX\AMPX\new\angular-src\dist\out-tsc\src\app\components\electrical-item\electrical-item.component.spec.js.map
C:\tfs_projects\NewAMPX\AMPX\new\angular-src\dist\out-tsc\src\app\components\electrical-list\electrical-list.component.spec.js
C:\tfs_projects\NewAMPX\AMPX\new\angular-src\dist\out-tsc\src\app\components\electrical-list\electrical-list.component.spec.js.map
C:\tfs_projects\NewAMPX\AMPX\new\angular-src\dist\out-tsc\src\app\components\home\home.component.spec.js
C:\tfs_projects\NewAMPX\AMPX\new\angular-src\dist\out-tsc\src\app\components\home\home.component.spec.js.map
C:\tfs_projects\NewAMPX\AMPX\new\angular-src\dist\out-tsc\src\app\components\instrumentation-item\instrumentation-item.component.spec.js
C:\tfs_projects\NewAMPX\AMPX\new\angular-src\dist\out-tsc\src\app\components\instrumentation-item\instrumentation-item.component.spec.js.map
C:\tfs_projects\NewAMPX\AMPX\new\angular-src\dist\out-tsc\src\app\components\instrumentation-list\instrumentation-list.component.spec.js
C:\tfs_projects\NewAMPX\AMPX\new\angular-src\dist\out-tsc\src\app\components\instrumentation-list\instrumentation-list.component.spec.js.map
C:\tfs_projects\NewAMPX\AMPX\new\angular-src\dist\out-tsc\src\app\components\io-assignment\io-assignment.component.spec.js
C:\tfs_projects\NewAMPX\AMPX\new\angular-src\dist\out-tsc\src\app\components\io-assignment\io-assignment.component.spec.js.map
C:\tfs_projects\NewAMPX\AMPX\new\angular-src\dist\out-tsc\src\app\components\login\login.component.spec.js
C:\tfs_projects\NewAMPX\AMPX\new\angular-src\dist\out-tsc\src\app\components\login\login.component.spec.js.map
C:\tfs_projects\NewAMPX\AMPX\new\angular-src\dist\out-tsc\src\app\components\navbar\navbar.component.spec.js
C:\tfs_projects\NewAMPX\AMPX\new\angular-src\dist\out-tsc\src\app\components\navbar\navbar.component.spec.js.map
C:\tfs_projects\NewAMPX\AMPX\new\angular-src\dist\out-tsc\src\app\components\profile\profile.component.spec.js
C:\tfs_projects\NewAMPX\AMPX\new\angular-src\dist\out-tsc\src\app\components\profile\profile.component.spec.js.map
C:\tfs_projects\NewAMPX\AMPX\new\angular-src\dist\out-tsc\src\app\components\project\project.component.spec.js
C:\tfs_projects\NewAMPX\AMPX\new\angular-src\dist\out-tsc\src\app\components\project\project.component.spec.js.map
C:\tfs_projects\NewAMPX\AMPX\new\angular-src\dist\out-tsc\src\app\components\project-dashboard\project-dashboard.component.spec.js
C:\tfs_projects\NewAMPX\AMPX\new\angular-src\dist\out-tsc\src\app\components\project-dashboard\project-dashboard.component.spec.js.map
C:\tfs_projects\NewAMPX\AMPX\new\angular-src\dist\out-tsc\src\app\components\register\register.component.spec.js
C:\tfs_projects\NewAMPX\AMPX\new\angular-src\dist\out-tsc\src\app\components\register\register.component.spec.js.map
C:\tfs_projects\NewAMPX\AMPX\new\angular-src\dist\out-tsc\src\app\components\services\services.component.spec.js
C:\tfs_projects\NewAMPX\AMPX\new\angular-src\dist\out-tsc\src\app\components\services\services.component.spec.js.map
C:\tfs_projects\NewAMPX\AMPX\new\angular-src\dist\out-tsc\src\app\components\signin\signin.component.spec.js
C:\tfs_projects\NewAMPX\AMPX\new\angular-src\dist\out-tsc\src\app\components\signin\signin.component.spec.js.map
C:\tfs_projects\NewAMPX\AMPX\new\angular-src\dist\out-tsc\src\app\components\sld-schedule-item\sld-schedule-item.component.spec.js
C:\tfs_projects\NewAMPX\AMPX\new\angular-src\dist\out-tsc\src\app\components\sld-schedule-item\sld-schedule-item.component.spec.js.map
C:\tfs_projects\NewAMPX\AMPX\new\angular-src\dist\out-tsc\src\app\components\sld-schedule-item\sld-schedule-item.js
C:\tfs_projects\NewAMPX\AMPX\new\angular-src\dist\out-tsc\src\app\components\sld-schedule-item\sld-schedule-item.js.map
C:\tfs_projects\NewAMPX\AMPX\new\angular-src\dist\out-tsc\src\app\components\sld-schedule-list\sld-schedule-list.component.spec.js
C:\tfs_projects\NewAMPX\AMPX\new\angular-src\dist\out-tsc\src\app\components\sld-schedule-list\sld-schedule-list.component.spec.js.map
C:\tfs_projects\NewAMPX\AMPX\new\angular-src\dist\out-tsc\src\app\components\modals\controller-modal\controller-modal.component.spec.js
C:\tfs_projects\NewAMPX\AMPX\new\angular-src\dist\out-tsc\src\app\components\modals\controller-modal\controller-modal.component.spec.js.map
C:\tfs_projects\NewAMPX\AMPX\new\angular-src\dist\out-tsc\src\app\components\modals\electricals-modal\electricals-modal.component.spec.js
C:\tfs_projects\NewAMPX\AMPX\new\angular-src\dist\out-tsc\src\app\components\modals\electricals-modal\electricals-modal.component.spec.js.map
C:\tfs_projects\NewAMPX\AMPX\new\angular-src\dist\out-tsc\src\app\components\modals\multiple-modal\multiple-modal.component.spec.js
C:\tfs_projects\NewAMPX\AMPX\new\angular-src\dist\out-tsc\src\app\components\modals\multiple-modal\multiple-modal.component.spec.js.map
C:\tfs_projects\NewAMPX\AMPX\new\angular-src\dist\out-tsc\src\app\components\modals\projects-modal\projects-modal.component.spec.js
C:\tfs_projects\NewAMPX\AMPX\new\angular-src\dist\out-tsc\src\app\components\modals\projects-modal\projects-modal.component.spec.js.map
C:\tfs_projects\NewAMPX\AMPX\new\angular-src\dist\out-tsc\src\app\components\modals\simple-electrical-modal\simple-electrical-modal.component.spec.js
C:\tfs_projects\NewAMPX\AMPX\new\angular-src\dist\out-tsc\src\app\components\modals\simple-electrical-modal\simple-electrical-modal.component.spec.js.map
C:\tfs_projects\NewAMPX\AMPX\new\angular-src\dist\out-tsc\src\app\components\modals\cabels-modals\cable-distance-modal\cable-distance-modal.component.spec.js
C:\tfs_projects\NewAMPX\AMPX\new\angular-src\dist\out-tsc\src\app\components\modals\cabels-modals\cable-distance-modal\cable-distance-modal.component.spec.js.map
